2025.06.16 17:28:09 INFO  Started: Metals version 1.6.0 in folders 'C:\Users\oscar\OneDrive\Documentos\CICLO VII\Lengüajes de Programación\Trabajo de Referencia\prueba\prueba v5' for client Visual Studio Code 1.101.0.
2025.06.16 17:28:11 INFO  no build target found for C:\Users\oscar\OneDrive\Documentos\CICLO VII\Lengüajes de Programación\Trabajo de Referencia\prueba\prueba v5\play-scala-seed\build.sbt. Using presentation compiler with project's scala-library version: 3.3.6
2025.06.16 17:28:15 INFO  Attempting to connect to the build server...
2025.06.16 17:28:15 INFO  Found a Bloop server running
2025.06.16 17:28:16 INFO  tracing is disabled for protocol BSP, to enable tracing of incoming and outgoing JSON messages create an empty file at C:\Users\oscar\OneDrive\Documentos\CICLO VII\Lengüajes de Programación\Trabajo de Referencia\prueba\prueba v5\.metals\bsp.trace.json or C:\Users\oscar\AppData\Local\scalameta\metals\cache\bsp.trace.json
2025.06.16 17:28:16 INFO  time: Connected to build server in 0.64s
2025.06.16 17:28:16 INFO  Connected to Build server: Bloop v2.0.10
2025.06.16 17:28:15 INFO  Created report: Optional.empty
2025.06.16 17:28:15 INFO  Empty build targets. Expected at least one build target identifier. (full report at: "C:\Users\oscar\OneDrive\Documentos\CICLO VII\Lengüajes de Programación\Trabajo de Referencia\prueba\prueba v5\.metals\.reports\bloop\2025-06-16\r_Empty build targets...._17-28-16-570.md")
2025.06.16 17:28:15 INFO  Empty build targets. Expected at least one build target identifier. (full report at: "C:\Users\oscar\OneDrive\Documentos\CICLO VII\Lengüajes de Programación\Trabajo de Referencia\prueba\prueba v5\.metals\.reports\bloop\2025-06-16\r_Empty build targets...._17-28-16-570.md")
2025.06.16 17:28:15 INFO  Empty build targets. Expected at least one build target identifier. (full report at: "C:\Users\oscar\OneDrive\Documentos\CICLO VII\Lengüajes de Programación\Trabajo de Referencia\prueba\prueba v5\.metals\.reports\bloop\2025-06-16\r_Empty build targets...._17-28-16-570.md")
2025.06.16 17:28:15 INFO  Empty build targets. Expected at least one build target identifier. (full report at: "C:\Users\oscar\OneDrive\Documentos\CICLO VII\Lengüajes de Programación\Trabajo de Referencia\prueba\prueba v5\.metals\.reports\bloop\2025-06-16\r_Empty build targets...._17-28-16-570.md")
2025.06.16 17:28:15 INFO  Empty build targets. Expected at least one build target identifier. (full report at: "C:\Users\oscar\OneDrive\Documentos\CICLO VII\Lengüajes de Programación\Trabajo de Referencia\prueba\prueba v5\.metals\.reports\bloop\2025-06-16\r_Empty build targets...._17-28-16-570.md")
2025.06.16 17:28:16 INFO  time: Imported build in 0.34s
2025.06.16 17:28:20 INFO  no build target found for C:\Users\oscar\OneDrive\Documentos\CICLO VII\Lengüajes de Programación\Trabajo de Referencia\prueba\prueba v5\play-scala-seed\build.sbt. Using presentation compiler with project's scala-library version: 3.3.6
2025.06.16 17:28:21 INFO  time: indexed workspace in 5.09s
2025.06.16 17:28:21 WARN  no build target for: C:\Users\oscar\OneDrive\Documentos\CICLO VII\Lengüajes de Programación\Trabajo de Referencia\prueba\prueba v5\play-scala-seed\build.sbt
2025.06.16 17:28:22 WARN  no build target for: C:\Users\oscar\OneDrive\Documentos\CICLO VII\Lengüajes de Programación\Trabajo de Referencia\prueba\prueba v5\play-scala-seed\build.sbt
2025.06.16 17:28:22 INFO  no build target found for C:\Users\oscar\OneDrive\Documentos\CICLO VII\Lengüajes de Programación\Trabajo de Referencia\prueba\prueba v5\play-scala-seed\build.sbt. Using presentation compiler with project's scala-library version: 3.3.6
2025.06.16 17:28:27 INFO  time: code lens generation in 5.32s
2025.06.16 17:37:10 INFO  Shutting down server
2025.06.16 17:37:10 INFO  shutting down Metals
2025.06.16 17:37:10 INFO  Shut down connection with build server.
2025.06.16 17:37:10 INFO  Exiting server
